Vivado Simulator 2017.2
Copyright 1986-1999, 2001-2016 Xilinx, Inc. All Rights Reserved.
Running: D:/Xilinx/Vivado/2017.2/bin/unwrapped/win64.o/xelab.exe -wto 5d433d12fe3a4d97a568d40a92246fe3 --debug typical --relax --mt 2 -L xil_defaultlib -L secureip --snapshot top_tb_behav xil_defaultlib.top_tb -log elaborate.log 
Using 2 slave threads.
Starting static elaboration
WARNING: [VRFC 10-1409] subtype of case expression is not locally static [D:/Projects/Cordic/Cordic/Cordic.srcs/sources_1/imports/new/mluart_tx.vhd:109]
Completed static elaboration
Starting simulation data flow analysis
Completed simulation data flow analysis
Time Resolution for simulation is 1ps
Compiling package std.standard
Compiling package std.textio
Compiling package ieee.std_logic_1164
Compiling package ieee.numeric_std
Compiling package ieee.std_logic_textio
Compiling architecture rtl of entity xil_defaultlib.CORDIC_MUL [cordic_mul_default]
Compiling architecture rtl of entity xil_defaultlib.CORDIC_DIV [cordic_div_default]
Compiling architecture behavioral of entity xil_defaultlib.coprocessor [coprocessor_default]
Compiling architecture behavioral of entity xil_defaultlib.FIFO [\FIFO(depth=512)\]
Compiling architecture behavioral of entity xil_defaultlib.FIFO [\FIFO(depth=1024)\]
Compiling architecture rtl of entity xil_defaultlib.MLUART_TX [mluart_tx_default]
Compiling architecture rtl of entity xil_defaultlib.MLUART_RX [mluart_rx_default]
Compiling architecture behavioral of entity xil_defaultlib.top [top_default]
Compiling architecture behavior of entity xil_defaultlib.top_tb
Built simulation snapshot top_tb_behav
