Unable to capture context for thread 12532 in process 11664, can not generate back trace
Exception at PC 0x00007FF8A560BB93
Printing stacktrace...

[0]  [0x00007FF8A560BB93]
[1]  [0x00007FF8A560BB93]
[2]  [0x00007FF8A560B4A1]
[3]  [0x00007FF8A560B3EF]
[4]  [0x00007FF8A55F19FE]
[5]  [0x00007FF8A55F0ED1]
[6]  [0x00007FF8A55F0D76]
[7]  [0x00007FF8A55979F6]
[8]  [0x00007FF8A5587AFB]
[9]  [0x00007FF8A56AE90A]
[10]  [0x00007FF8A56C9F87]
[11]  [0x00007FF8A56CA05F]
[12] (BaseThreadInitThunk+0x14) [0x00007FF922D62774]
[13] (RtlUserThreadStart+0x21) [0x00007FF9248E0D51]
Done
Exception at PC 0x00007FF8A5311A52
Attemped to write at address 0x00007FF8E309ABA4
Printing stacktrace...

[0]  [0x00007FF8A5311A52]
[1]  [0x00007FF8A5311A52]
[2]  [0x00007FF8A5311AD4]
[3]  [0x00007FF8A5453FF7]
[4]  [0x00007FF8A5339128]
[5]  [0x00007FF8A55EDFB9]
[6]  [0x00007FF8A57BEF23]
[7]  [0x00007FF8A56CB06B]
[8]  [0x00007FF8A56C08AF]
[9]  [0x00007FF8A56C0A32]
[10] (RtlDeactivateActivationContextUnsafeFast+0x1af) [0x00007FF92489485F]
[11] (LdrShutdownProcess+0x12c) [0x00007FF9248BD43C]
[12] (RtlExitUserProcess+0xb4) [0x00007FF9248BD2F4]
[13] (FatalExit+0xa) [0x00007FF922D6C0DA]
[14] (exit+0x75) [0x00007FF92214A045]
[15] (initterm_e+0x21d) [0x00007FF92214A68D]
[16]  [0x00000000004014CD]
[17]  [0x000000000040151B]
[18] (BaseThreadInitThunk+0x14) [0x00007FF922D62774]
[19] (RtlUserThreadStart+0x21) [0x00007FF9248E0D51]
Done
